[2026-05-27T06:34:45Z] Pulling updates: 284ea53e3097fe2f6e533dbd0209d22a8f4123e0 -> 8c80e0fa8440182a0bbc3cf2ede79aa393e39c83
[2026-05-27T06:34:50Z] Executing commands from /home/huyihan/MoC/control/commands.txt
[2026-05-27T06:34:50Z] Commands cleared.
[2026-05-27T06:34:55Z] Push failed.
[2026-05-27T06:35:49Z] Pulling updates: a1a097882f74a7ad73bb46e72cc35a1b6e8955b6 -> 8c80e0fa8440182a0bbc3cf2ede79aa393e39c83
[2026-05-27T06:35:54Z] Executing commands from /home/huyihan/MoC/control/commands.txt
[2026-05-27T06:35:54Z] Command 1: echo 'remote test: 2026-05-27T06:35:38Z'
[2026-05-27T06:35:54Z] Output 1: remote test: 2026-05-27T06:35:38Z
[2026-05-27T06:35:54Z] Exit 1: 0
[2026-05-27T06:35:54Z] Commands cleared.
[2026-05-27T06:35:59Z] Push failed.
[2026-05-27T06:39:46Z] Pulling updates: 1722a24edd6dadb9e0921d9b2a8d9e9f139f32e4 -> 8c80e0fa8440182a0bbc3cf2ede79aa393e39c83
[2026-05-27T06:39:52Z] No commands to run.
[2026-05-27T06:44:46Z] Pulling updates: 1722a24edd6dadb9e0921d9b2a8d9e9f139f32e4 -> 8c80e0fa8440182a0bbc3cf2ede79aa393e39c83
[2026-05-27T06:44:52Z] No commands to run.
[2026-05-27T06:49:51Z] Pulling updates: 1722a24edd6dadb9e0921d9b2a8d9e9f139f32e4 -> 8c80e0fa8440182a0bbc3cf2ede79aa393e39c83
[2026-05-27T06:49:59Z] No commands to run.
[2026-05-27T06:54:39Z] Pulling updates from origin/remote-control-setup: dd5d774b555aaed40bf1d05945ac2a0be9905ca0 -> d59b11726d8093e1e0c7b9c01fc13e8d2e7cfd5f
[2026-05-27T06:54:45Z] git pull failed
[2026-05-27T06:54:50Z] Pulling updates from origin/remote-control-setup: dd5d774b555aaed40bf1d05945ac2a0be9905ca0 -> d59b11726d8093e1e0c7b9c01fc13e8d2e7cfd5f
[2026-05-27T06:54:56Z] Executing commands from /data/hyh/MoC/control/commands.txt
[2026-05-27T06:54:56Z] Command 1: echo 'full-loop test: 2026-05-27T06:54:17Z'
[2026-05-27T06:54:56Z] Output 1: full-loop test: 2026-05-27T06:54:17Z
[2026-05-27T06:54:56Z] Exit 1: 0
[2026-05-27T06:54:56Z] Commands cleared.
[2026-05-27T06:55:37Z] Pulling updates from origin/remote-control-setup: d43433b02c6d701126407c0d26c62c779f8eb7f7 -> 81a43d0475ae5f93484a5a84445a4ce81248c542
[2026-05-27T06:55:42Z] Executing commands from /data/hyh/MoC/control/commands.txt
[2026-05-27T06:55:42Z] Command 1: echo 'full-loop test: 2026-05-27T06:55:15Z'
[2026-05-27T06:55:42Z] Output 1: full-loop test: 2026-05-27T06:55:15Z
[2026-05-27T06:55:42Z] Exit 1: 0
[2026-05-27T06:55:42Z] Commands cleared.
[2026-05-27T06:59:54Z] No remote updates.
[2026-05-27T06:59:54Z] No commands to run.
[2026-05-27T07:04:56Z] No remote updates.
[2026-05-27T07:04:56Z] No commands to run.
[2026-05-27T07:09:58Z] No remote updates.
[2026-05-27T07:09:58Z] No commands to run.
[2026-05-27T07:15:02Z] No remote updates.
[2026-05-27T07:15:02Z] No commands to run.
[2026-05-27T07:20:06Z] No remote updates.
[2026-05-27T07:20:06Z] No commands to run.
[2026-05-27T07:25:06Z] No remote updates.
[2026-05-27T07:25:06Z] No commands to run.
[2026-05-27T07:30:10Z] No remote updates.
[2026-05-27T07:30:10Z] No commands to run.
[2026-05-27T07:35:10Z] Pulling updates from origin/remote-control-setup: efe0c56341945c3a894a20d995cb0fdfb3248a49 -> 19ba0b2d97407407f428538b4c28f28dccfbecf0
[2026-05-27T07:35:16Z] Executing commands from /data/hyh/MoC/control/commands.txt
[2026-05-27T07:35:16Z] Command 1: pwd
[2026-05-27T07:35:16Z] Output 1: /data/hyh/MoC
[2026-05-27T07:35:16Z] Exit 1: 0
[2026-05-27T07:35:16Z] Command 2: whoami
[2026-05-27T07:35:16Z] Output 2: huyihan
[2026-05-27T07:35:16Z] Exit 2: 0
[2026-05-27T07:35:16Z] Command 3: date
[2026-05-27T07:35:16Z] Output 3: Wed May 27 07:35:16 AM UTC 2026
[2026-05-27T07:35:16Z] Exit 3: 0
[2026-05-27T07:35:16Z] Command 4: nvidia-smi
[2026-05-27T07:35:16Z] Output 4: NVIDIA-SMI has failed because it couldn't communicate with the NVIDIA driver. Make sure that the latest NVIDIA driver is installed and running.
[2026-05-27T07:35:16Z] Exit 4: 9
[2026-05-27T07:35:16Z] Commands cleared.
[2026-05-27T07:40:14Z] No remote updates.
[2026-05-27T07:40:14Z] No commands to run.
[2026-05-27T07:45:16Z] No remote updates.
[2026-05-27T07:45:16Z] No commands to run.
[2026-05-27T07:50:19Z] Pulling updates from origin/remote-control-setup: b88019e778814f6fcbb39b3e5867a22f042fd284 -> 3018fb8f54760bf1cdba890f8bb1ef7fc1af7cb8
[2026-05-27T07:50:24Z] Executing commands from /data/hyh/MoC/control/commands.txt
[2026-05-27T07:50:24Z] Command 1: hostname
[2026-05-27T07:50:24Z] Output 1: user
[2026-05-27T07:50:24Z] Exit 1: 0
[2026-05-27T07:50:24Z] Command 2: lspci | grep -i nvidia || true
[2026-05-27T07:50:24Z] Output 2: 17:00.0 3D controller: NVIDIA Corporation GA100 [A100 PCIe 40GB] (rev a1)
[2026-05-27T07:50:24Z] Output 2: 2a:00.0 3D controller: NVIDIA Corporation GA100 [A100 PCIe 40GB] (rev a1)
[2026-05-27T07:50:24Z] Output 2: ab:00.0 3D controller: NVIDIA Corporation GA100 [A100 PCIe 40GB] (rev a1)
[2026-05-27T07:50:24Z] Output 2: bd:00.0 3D controller: NVIDIA Corporation GA100 [A100 PCIe 40GB] (rev a1)
[2026-05-27T07:50:24Z] Exit 2: 0
[2026-05-27T07:50:24Z] Command 3: ls -l /dev/nvidia* || true
[2026-05-27T07:50:24Z] Output 3: ls: cannot access '/dev/nvidia*': No such file or directory
[2026-05-27T07:50:24Z] Exit 3: 0
[2026-05-27T07:50:24Z] Command 4: which nvidia-smi || true
[2026-05-27T07:50:24Z] Output 4: /usr/bin/nvidia-smi
[2026-05-27T07:50:24Z] Exit 4: 0
[2026-05-27T07:50:24Z] Command 5: nvidia-smi || true
[2026-05-27T07:50:24Z] Output 5: NVIDIA-SMI has failed because it couldn't communicate with the NVIDIA driver. Make sure that the latest NVIDIA driver is installed and running.
[2026-05-27T07:50:24Z] Exit 5: 0
[2026-05-27T07:50:24Z] Command 6: python -c "import torch; print(torch.__version__); print(torch.cuda.is_available()); print(torch.cuda.device_count())" || true
[2026-05-27T07:50:24Z] Output 6: bash: line 1: python: command not found
[2026-05-27T07:50:24Z] Exit 6: 0
[2026-05-27T07:50:24Z] Commands cleared.
